<?xml version="1.0" encoding="UTF-8"?>
<coverage generated="1766764290379" clover="3.2.0">
  <project timestamp="1766764290379" name="All files">
    <metrics statements="173" coveredstatements="171" conditionals="93" coveredconditionals="83" methods="41" coveredmethods="41" elements="307" coveredelements="295" complexity="0" loc="173" ncloc="173" packages="1" files="1" classes="1"/>
    <file name="compareUtility.js" path="/Users/zackdawood/Documents/Dev/GitHub/properties-comparator/src/compareUtility.js">
      <metrics statements="173" coveredstatements="171" conditionals="93" coveredconditionals="83" methods="41" coveredmethods="41"/>
      <line num="15" count="48" type="stmt"/>
      <line num="16" count="48" type="stmt"/>
      <line num="17" count="47" type="stmt"/>
      <line num="18" count="47" type="stmt"/>
      <line num="20" count="47" type="stmt"/>
      <line num="21" count="92" type="stmt"/>
      <line num="24" count="92" type="cond" truecount="4" falsecount="0"/>
      <line num="25" count="2" type="stmt"/>
      <line num="29" count="90" type="stmt"/>
      <line num="30" count="90" type="cond" truecount="2" falsecount="0"/>
      <line num="31" count="1" type="stmt"/>
      <line num="35" count="90" type="stmt"/>
      <line num="36" count="90" type="cond" truecount="1" falsecount="1"/>
      <line num="38" count="0" type="stmt"/>
      <line num="41" count="90" type="stmt"/>
      <line num="42" count="90" type="stmt"/>
      <line num="44" count="90" type="cond" truecount="1" falsecount="1"/>
      <line num="45" count="90" type="stmt"/>
      <line num="49" count="47" type="stmt"/>
      <line num="51" count="1" type="stmt"/>
      <line num="55" count="1" type="stmt"/>
      <line num="67" count="2" type="cond" truecount="1" falsecount="1"/>
      <line num="68" count="3" type="cond" truecount="2" falsecount="0"/>
      <line num="69" count="3" type="cond" truecount="5" falsecount="0"/>
      <line num="70" count="1" type="stmt"/>
      <line num="73" count="2" type="stmt"/>
      <line num="76" count="2" type="stmt"/>
      <line num="86" count="3" type="stmt"/>
      <line num="87" count="3" type="stmt"/>
      <line num="88" count="2" type="stmt"/>
      <line num="89" count="1" type="stmt"/>
      <line num="91" count="2" type="stmt"/>
      <line num="95" count="2" type="stmt"/>
      <line num="107" count="48" type="stmt"/>
      <line num="109" count="48" type="cond" truecount="3" falsecount="1"/>
      <line num="111" count="46" type="stmt"/>
      <line num="114" count="1" type="stmt"/>
      <line num="116" count="1" type="stmt"/>
      <line num="120" count="1" type="stmt"/>
      <line num="140" count="25" type="stmt"/>
      <line num="143" count="47" type="stmt"/>
      <line num="145" count="25" type="stmt"/>
      <line num="148" count="25" type="stmt"/>
      <line num="149" count="44" type="stmt"/>
      <line num="150" count="86" type="cond" truecount="1" falsecount="1"/>
      <line num="152" count="86" type="stmt"/>
      <line num="153" count="44" type="stmt"/>
      <line num="157" count="44" type="stmt"/>
      <line num="158" count="25" type="stmt"/>
      <line num="168" count="2" type="stmt"/>
      <line num="169" count="2" type="stmt"/>
      <line num="179" count="1" type="stmt"/>
      <line num="180" count="1" type="stmt"/>
      <line num="181" count="2" type="stmt"/>
      <line num="182" count="1" type="stmt"/>
      <line num="193" count="6" type="stmt"/>
      <line num="194" count="12" type="stmt"/>
      <line num="197" count="6" type="stmt"/>
      <line num="228" count="12" type="stmt"/>
      <line num="240" count="12" type="stmt"/>
      <line num="245" count="6" type="stmt"/>
      <line num="246" count="11" type="cond" truecount="2" falsecount="0"/>
      <line num="251" count="11" type="stmt"/>
      <line num="252" count="22" type="cond" truecount="2" falsecount="0"/>
      <line num="253" count="22" type="stmt"/>
      <line num="258" count="11" type="stmt"/>
      <line num="261" count="6" type="stmt"/>
      <line num="266" count="6" type="cond" truecount="2" falsecount="0"/>
      <line num="267" count="1" type="stmt"/>
      <line num="269" count="5" type="stmt"/>
      <line num="271" count="10" type="stmt"/>
      <line num="272" count="5" type="stmt"/>
      <line num="276" count="6" type="stmt"/>
      <line num="280" count="6" type="stmt"/>
      <line num="291" count="5" type="stmt"/>
      <line num="292" count="10" type="stmt"/>
      <line num="294" count="5" type="stmt"/>
      <line num="297" count="5" type="stmt"/>
      <line num="298" count="5" type="stmt"/>
      <line num="299" count="10" type="stmt"/>
      <line num="303" count="5" type="stmt"/>
      <line num="306" count="5" type="stmt"/>
      <line num="307" count="10" type="stmt"/>
      <line num="309" count="10" type="stmt"/>
      <line num="312" count="5" type="stmt"/>
      <line num="313" count="10" type="cond" truecount="2" falsecount="0"/>
      <line num="314" count="20" type="cond" truecount="1" falsecount="1"/>
      <line num="319" count="5" type="stmt"/>
      <line num="320" count="5" type="cond" truecount="1" falsecount="1"/>
      <line num="321" count="0" type="stmt"/>
      <line num="323" count="5" type="stmt"/>
      <line num="324" count="5" type="stmt"/>
      <line num="325" count="10" type="stmt"/>
      <line num="326" count="5" type="stmt"/>
      <line num="330" count="5" type="stmt"/>
      <line num="343" count="13" type="cond" truecount="2" falsecount="0"/>
      <line num="344" count="13" type="stmt"/>
      <line num="346" count="13" type="stmt"/>
      <line num="348" count="13" type="cond" truecount="2" falsecount="0"/>
      <line num="349" count="6" type="stmt"/>
      <line num="352" count="6" type="stmt"/>
      <line num="354" count="8" type="stmt"/>
      <line num="355" count="14" type="stmt"/>
      <line num="356" count="14" type="stmt"/>
      <line num="358" count="8" type="stmt"/>
      <line num="367" count="6" type="stmt"/>
      <line num="370" count="6" type="stmt"/>
      <line num="371" count="6" type="stmt"/>
      <line num="372" count="8" type="cond" truecount="2" falsecount="0"/>
      <line num="373" count="3" type="stmt"/>
      <line num="374" count="6" type="stmt"/>
      <line num="376" count="3" type="stmt"/>
      <line num="385" count="6" type="stmt"/>
      <line num="386" count="6" type="cond" truecount="2" falsecount="0"/>
      <line num="387" count="3" type="stmt"/>
      <line num="389" count="3" type="stmt"/>
      <line num="392" count="3" type="stmt"/>
      <line num="393" count="6" type="stmt"/>
      <line num="394" count="3" type="stmt"/>
      <line num="395" count="3" type="stmt"/>
      <line num="397" count="7" type="cond" truecount="2" falsecount="0"/>
      <line num="398" count="3" type="stmt"/>
      <line num="399" count="3" type="cond" truecount="2" falsecount="0"/>
      <line num="400" count="2" type="stmt"/>
      <line num="401" count="2" type="stmt"/>
      <line num="403" count="1" type="stmt"/>
      <line num="405" count="4" type="cond" truecount="2" falsecount="0"/>
      <line num="406" count="3" type="stmt"/>
      <line num="407" count="3" type="cond" truecount="2" falsecount="0"/>
      <line num="408" count="2" type="stmt"/>
      <line num="409" count="2" type="stmt"/>
      <line num="411" count="1" type="stmt"/>
      <line num="414" count="1" type="stmt"/>
      <line num="417" count="1" type="stmt"/>
      <line num="425" count="6" type="stmt"/>
      <line num="426" count="6" type="stmt"/>
      <line num="432" count="6" type="stmt"/>
      <line num="433" count="6" type="stmt"/>
      <line num="434" count="13" type="cond" truecount="4" falsecount="0"/>
      <line num="435" count="2" type="cond" truecount="1" falsecount="1"/>
      <line num="436" count="2" type="stmt"/>
      <line num="437" count="2" type="stmt"/>
      <line num="439" count="11" type="cond" truecount="4" falsecount="0"/>
      <line num="440" count="2" type="cond" truecount="1" falsecount="1"/>
      <line num="441" count="2" type="stmt"/>
      <line num="442" count="2" type="stmt"/>
      <line num="446" count="9" type="stmt"/>
      <line num="450" count="6" type="cond" truecount="2" falsecount="0"/>
      <line num="451" count="1" type="stmt"/>
      <line num="452" count="1" type="stmt"/>
      <line num="455" count="1" type="stmt"/>
      <line num="456" count="1" type="stmt"/>
      <line num="459" count="1" type="stmt"/>
      <line num="462" count="1" type="stmt"/>
      <line num="463" count="5" type="cond" truecount="2" falsecount="0"/>
      <line num="464" count="1" type="stmt"/>
      <line num="465" count="1" type="stmt"/>
      <line num="468" count="9" type="stmt"/>
      <line num="469" count="6" type="cond" truecount="2" falsecount="0"/>
      <line num="470" count="1" type="stmt"/>
      <line num="471" count="1" type="stmt"/>
      <line num="474" count="6" type="stmt"/>
      <line num="485" count="5" type="stmt"/>
      <line num="486" count="5" type="stmt"/>
      <line num="489" count="5" type="cond" truecount="2" falsecount="0"/>
      <line num="490" count="4" type="cond" truecount="2" falsecount="0"/>
      <line num="491" count="1" type="stmt"/>
      <line num="493" count="3" type="cond" truecount="2" falsecount="0"/>
      <line num="494" count="3" type="cond" truecount="2" falsecount="0"/>
      <line num="497" count="3" type="stmt"/>
      <line num="500" count="4" type="cond" truecount="2" falsecount="0"/>
      <line num="501" count="1" type="stmt"/>
      <line num="505" count="5" type="stmt"/>
    </file>
  </project>
</coverage>
