<?xml version="1.0" encoding="UTF-8"?>
<coverage generated="1779711904254" clover="3.2.0">
  <project timestamp="1779711904254" name="All files">
    <metrics statements="179" coveredstatements="175" conditionals="93" coveredconditionals="83" methods="43" coveredmethods="43" elements="315" coveredelements="301" complexity="0" loc="179" ncloc="179" packages="1" files="1" classes="1"/>
    <file name="compareUtility.js" path="/Users/zackdawood/Documents/Dev/GitHub/properties-comparator/src/compareUtility.js">
      <metrics statements="179" coveredstatements="175" conditionals="93" coveredconditionals="83" methods="43" coveredmethods="43"/>
      <line num="15" count="48" type="stmt"/>
      <line num="16" count="48" type="stmt"/>
      <line num="17" count="47" type="stmt"/>
      <line num="18" count="47" type="stmt"/>
      <line num="20" count="47" type="stmt"/>
      <line num="21" count="92" type="stmt"/>
      <line num="24" count="92" type="cond" truecount="4" falsecount="0"/>
      <line num="25" count="2" type="stmt"/>
      <line num="29" count="90" type="stmt"/>
      <line num="30" count="90" type="cond" truecount="2" falsecount="0"/>
      <line num="31" count="1" type="stmt"/>
      <line num="35" count="90" type="stmt"/>
      <line num="36" count="90" type="cond" truecount="1" falsecount="1"/>
      <line num="38" count="0" type="stmt"/>
      <line num="41" count="90" type="stmt"/>
      <line num="42" count="90" type="stmt"/>
      <line num="44" count="90" type="cond" truecount="1" falsecount="1"/>
      <line num="45" count="90" type="stmt"/>
      <line num="49" count="47" type="stmt"/>
      <line num="51" count="1" type="stmt"/>
      <line num="55" count="1" type="stmt"/>
      <line num="67" count="2" type="cond" truecount="1" falsecount="1"/>
      <line num="68" count="3" type="cond" truecount="2" falsecount="0"/>
      <line num="69" count="3" type="cond" truecount="5" falsecount="0"/>
      <line num="70" count="1" type="stmt"/>
      <line num="73" count="2" type="stmt"/>
      <line num="76" count="2" type="stmt"/>
      <line num="86" count="3" type="stmt"/>
      <line num="87" count="3" type="stmt"/>
      <line num="88" count="2" type="stmt"/>
      <line num="89" count="1" type="stmt"/>
      <line num="91" count="2" type="stmt"/>
      <line num="95" count="2" type="stmt"/>
      <line num="107" count="48" type="stmt"/>
      <line num="109" count="48" type="cond" truecount="3" falsecount="1"/>
      <line num="111" count="46" type="stmt"/>
      <line num="114" count="1" type="stmt"/>
      <line num="116" count="1" type="stmt"/>
      <line num="120" count="1" type="stmt"/>
      <line num="140" count="25" type="stmt"/>
      <line num="143" count="47" type="stmt"/>
      <line num="145" count="25" type="stmt"/>
      <line num="148" count="25" type="stmt"/>
      <line num="149" count="44" type="stmt"/>
      <line num="150" count="86" type="cond" truecount="1" falsecount="1"/>
      <line num="152" count="86" type="stmt"/>
      <line num="153" count="44" type="stmt"/>
      <line num="157" count="44" type="stmt"/>
      <line num="158" count="25" type="stmt"/>
      <line num="168" count="2" type="stmt"/>
      <line num="169" count="2" type="stmt"/>
      <line num="179" count="1" type="stmt"/>
      <line num="180" count="1" type="stmt"/>
      <line num="181" count="2" type="stmt"/>
      <line num="182" count="1" type="stmt"/>
      <line num="193" count="6" type="stmt"/>
      <line num="194" count="12" type="stmt"/>
      <line num="197" count="6" type="stmt"/>
      <line num="228" count="12" type="stmt"/>
      <line num="240" count="12" type="stmt"/>
      <line num="245" count="6" type="stmt"/>
      <line num="246" count="11" type="cond" truecount="2" falsecount="0"/>
      <line num="251" count="11" type="stmt"/>
      <line num="252" count="22" type="cond" truecount="2" falsecount="0"/>
      <line num="253" count="22" type="cond" truecount="1" falsecount="1"/>
      <line num="257" count="11" type="stmt"/>
      <line num="260" count="6" type="stmt"/>
      <line num="265" count="6" type="cond" truecount="2" falsecount="0"/>
      <line num="266" count="1" type="stmt"/>
      <line num="268" count="5" type="stmt"/>
      <line num="270" count="10" type="stmt"/>
      <line num="271" count="5" type="stmt"/>
      <line num="275" count="6" type="stmt"/>
      <line num="279" count="6" type="stmt"/>
      <line num="290" count="5" type="stmt"/>
      <line num="291" count="10" type="stmt"/>
      <line num="293" count="5" type="stmt"/>
      <line num="296" count="5" type="stmt"/>
      <line num="297" count="5" type="stmt"/>
      <line num="298" count="10" type="stmt"/>
      <line num="302" count="5" type="stmt"/>
      <line num="305" count="5" type="stmt"/>
      <line num="306" count="10" type="stmt"/>
      <line num="308" count="10" type="stmt"/>
      <line num="311" count="5" type="stmt"/>
      <line num="312" count="10" type="cond" truecount="2" falsecount="0"/>
      <line num="313" count="20" type="cond" truecount="1" falsecount="1"/>
      <line num="318" count="5" type="stmt"/>
      <line num="319" count="5" type="cond" truecount="1" falsecount="1"/>
      <line num="320" count="0" type="stmt"/>
      <line num="322" count="5" type="stmt"/>
      <line num="323" count="5" type="stmt"/>
      <line num="324" count="10" type="stmt"/>
      <line num="325" count="5" type="stmt"/>
      <line num="329" count="5" type="stmt"/>
      <line num="342" count="13" type="cond" truecount="2" falsecount="0"/>
      <line num="343" count="13" type="stmt"/>
      <line num="345" count="13" type="stmt"/>
      <line num="347" count="13" type="cond" truecount="2" falsecount="0"/>
      <line num="348" count="6" type="stmt"/>
      <line num="351" count="6" type="stmt"/>
      <line num="353" count="8" type="stmt"/>
      <line num="354" count="14" type="stmt"/>
      <line num="355" count="14" type="stmt"/>
      <line num="357" count="8" type="stmt"/>
      <line num="366" count="6" type="stmt"/>
      <line num="369" count="6" type="stmt"/>
      <line num="370" count="6" type="stmt"/>
      <line num="371" count="8" type="cond" truecount="2" falsecount="0"/>
      <line num="372" count="3" type="stmt"/>
      <line num="373" count="6" type="stmt"/>
      <line num="375" count="3" type="stmt"/>
      <line num="384" count="6" type="stmt"/>
      <line num="385" count="6" type="cond" truecount="2" falsecount="0"/>
      <line num="386" count="3" type="stmt"/>
      <line num="388" count="3" type="stmt"/>
      <line num="391" count="3" type="stmt"/>
      <line num="392" count="6" type="stmt"/>
      <line num="393" count="3" type="stmt"/>
      <line num="394" count="3" type="stmt"/>
      <line num="396" count="7" type="cond" truecount="2" falsecount="0"/>
      <line num="397" count="3" type="stmt"/>
      <line num="398" count="3" type="cond" truecount="2" falsecount="0"/>
      <line num="399" count="2" type="stmt"/>
      <line num="400" count="2" type="stmt"/>
      <line num="402" count="1" type="stmt"/>
      <line num="404" count="4" type="cond" truecount="2" falsecount="0"/>
      <line num="405" count="3" type="stmt"/>
      <line num="406" count="3" type="cond" truecount="2" falsecount="0"/>
      <line num="407" count="2" type="stmt"/>
      <line num="408" count="2" type="stmt"/>
      <line num="410" count="1" type="stmt"/>
      <line num="413" count="1" type="stmt"/>
      <line num="416" count="1" type="stmt"/>
      <line num="424" count="1" type="stmt"/>
      <line num="425" count="1" type="stmt"/>
      <line num="428" count="1" type="stmt"/>
      <line num="429" count="1" type="stmt"/>
      <line num="432" count="1" type="stmt"/>
      <line num="443" count="6" type="stmt"/>
      <line num="447" count="6" type="stmt"/>
      <line num="449" count="6" type="stmt"/>
      <line num="450" count="6" type="stmt"/>
      <line num="451" count="13" type="cond" truecount="4" falsecount="0"/>
      <line num="452" count="2" type="cond" truecount="1" falsecount="1"/>
      <line num="453" count="2" type="stmt"/>
      <line num="454" count="2" type="stmt"/>
      <line num="456" count="0" type="stmt"/>
      <line num="458" count="11" type="cond" truecount="4" falsecount="0"/>
      <line num="459" count="2" type="cond" truecount="1" falsecount="1"/>
      <line num="460" count="2" type="stmt"/>
      <line num="461" count="2" type="stmt"/>
      <line num="463" count="0" type="stmt"/>
      <line num="466" count="9" type="stmt"/>
      <line num="467" count="9" type="stmt"/>
      <line num="471" count="6" type="stmt"/>
      <line num="478" count="6" type="stmt"/>
      <line num="480" count="6" type="cond" truecount="2" falsecount="0"/>
      <line num="481" count="1" type="stmt"/>
      <line num="482" count="1" type="stmt"/>
      <line num="483" count="5" type="cond" truecount="2" falsecount="0"/>
      <line num="484" count="1" type="stmt"/>
      <line num="485" count="1" type="stmt"/>
      <line num="488" count="9" type="stmt"/>
      <line num="489" count="6" type="cond" truecount="2" falsecount="0"/>
      <line num="490" count="1" type="stmt"/>
      <line num="491" count="1" type="stmt"/>
      <line num="494" count="6" type="stmt"/>
      <line num="505" count="5" type="stmt"/>
      <line num="506" count="5" type="stmt"/>
      <line num="509" count="5" type="cond" truecount="2" falsecount="0"/>
      <line num="510" count="4" type="cond" truecount="2" falsecount="0"/>
      <line num="511" count="1" type="stmt"/>
      <line num="513" count="3" type="cond" truecount="2" falsecount="0"/>
      <line num="514" count="3" type="cond" truecount="2" falsecount="0"/>
      <line num="517" count="3" type="stmt"/>
      <line num="520" count="4" type="cond" truecount="2" falsecount="0"/>
      <line num="521" count="1" type="stmt"/>
      <line num="525" count="5" type="stmt"/>
    </file>
  </project>
</coverage>
