{"/Users/zackdawood/Documents/Dev/GitHub/properties-comparator/src/compareUtility.js": {"path":"/Users/zackdawood/Documents/Dev/GitHub/properties-comparator/src/compareUtility.js","statementMap":{"0":{"start":{"line":15,"column":2},"end":{"line":56,"column":3}},"1":{"start":{"line":16,"column":20},"end":{"line":16,"column":54}},"2":{"start":{"line":17,"column":18},"end":{"line":17,"column":40}},"3":{"start":{"line":18,"column":19},"end":{"line":18,"column":21}},"4":{"start":{"line":20,"column":4},"end":{"line":47,"column":5}},"5":{"start":{"line":21,"column":24},"end":{"line":21,"column":35}},"6":{"start":{"line":24,"column":6},"end":{"line":26,"column":7}},"7":{"start":{"line":25,"column":8},"end":{"line":25,"column":17}},"8":{"start":{"line":29,"column":24},"end":{"line":29,"column":48}},"9":{"start":{"line":30,"column":6},"end":{"line":32,"column":7}},"10":{"start":{"line":31,"column":8},"end":{"line":31,"column":61}},"11":{"start":{"line":35,"column":22},"end":{"line":35,"column":46}},"12":{"start":{"line":36,"column":6},"end":{"line":39,"column":7}},"13":{"start":{"line":38,"column":8},"end":{"line":38,"column":17}},"14":{"start":{"line":41,"column":18},"end":{"line":41,"column":54}},"15":{"start":{"line":42,"column":20},"end":{"line":42,"column":57}},"16":{"start":{"line":44,"column":6},"end":{"line":46,"column":7}},"17":{"start":{"line":45,"column":8},"end":{"line":45,"column":28}},"18":{"start":{"line":49,"column":4},"end":{"line":49,"column":18}},"19":{"start":{"line":51,"column":4},"end":{"line":54,"column":6}},"20":{"start":{"line":55,"column":4},"end":{"line":55,"column":14}},"21":{"start":{"line":67,"column":2},"end":{"line":75,"column":3}},"22":{"start":{"line":68,"column":19},"end":{"line":68,"column":58}},"23":{"start":{"line":69,"column":4},"end":{"line":74,"column":5}},"24":{"start":{"line":70,"column":6},"end":{"line":70,"column":40}},"25":{"start":{"line":73,"column":6},"end":{"line":73,"column":34}},"26":{"start":{"line":76,"column":2},"end":{"line":76,"column":13}},"27":{"start":{"line":86,"column":2},"end":{"line":96,"column":3}},"28":{"start":{"line":87,"column":25},"end":{"line":87,"column":59}},"29":{"start":{"line":88,"column":17},"end":{"line":88,"column":40}},"30":{"start":{"line":89,"column":4},"end":{"line":89,"column":31}},"31":{"start":{"line":91,"column":4},"end":{"line":94,"column":6}},"32":{"start":{"line":95,"column":4},"end":{"line":95,"column":14}},"33":{"start":{"line":107,"column":14},"end":{"line":107,"column":50}},"34":{"start":{"line":109,"column":2},"end":{"line":121,"column":3}},"35":{"start":{"line":111,"column":6},"end":{"line":111,"column":43}},"36":{"start":{"line":114,"column":6},"end":{"line":114,"column":37}},"37":{"start":{"line":116,"column":6},"end":{"line":119,"column":8}},"38":{"start":{"line":120,"column":6},"end":{"line":120,"column":16}},"39":{"start":{"line":140,"column":24},"end":{"line":140,"column":48}},"40":{"start":{"line":143,"column":18},"end":{"line":143,"column":75}},"41":{"start":{"line":143,"column":57},"end":{"line":143,"column":73}},"42":{"start":{"line":145,"column":26},"end":{"line":145,"column":28}},"43":{"start":{"line":148,"column":2},"end":{"line":154,"column":5}},"44":{"start":{"line":149,"column":19},"end":{"line":151,"column":5}},"45":{"start":{"line":150,"column":15},"end":{"line":150,"column":56}},"46":{"start":{"line":152,"column":20},"end":{"line":152,"column":64}},"47":{"start":{"line":152,"column":44},"end":{"line":152,"column":63}},"48":{"start":{"line":153,"column":4},"end":{"line":153,"column":51}},"49":{"start":{"line":157,"column":24},"end":{"line":157,"column":72}},"50":{"start":{"line":157,"column":54},"end":{"line":157,"column":64}},"51":{"start":{"line":158,"column":2},"end":{"line":158,"column":44}},"52":{"start":{"line":168,"column":28},"end":{"line":168,"column":54}},"53":{"start":{"line":169,"column":2},"end":{"line":169,"column":29}},"54":{"start":{"line":179,"column":30},"end":{"line":179,"column":56}},"55":{"start":{"line":180,"column":2},"end":{"line":182,"column":33}},"56":{"start":{"line":181,"column":24},"end":{"line":181,"column":39}},"57":{"start":{"line":182,"column":21},"end":{"line":182,"column":31}},"58":{"start":{"line":193,"column":45},"end":{"line":193,"column":59}},"59":{"start":{"line":194,"column":20},"end":{"line":194,"column":60}},"60":{"start":{"line":194,"column":42},"end":{"line":194,"column":59}},"61":{"start":{"line":197,"column":13},"end":{"line":242,"column":10}},"62":{"start":{"line":228,"column":23},"end":{"line":228,"column":76}},"63":{"start":{"line":240,"column":26},"end":{"line":240,"column":61}},"64":{"start":{"line":245,"column":2},"end":{"line":258,"column":5}},"65":{"start":{"line":246,"column":4},"end":{"line":248,"column":42}},"66":{"start":{"line":251,"column":4},"end":{"line":255,"column":7}},"67":{"start":{"line":252,"column":24},"end":{"line":252,"column":55}},"68":{"start":{"line":253,"column":6},"end":{"line":254,"column":16}},"69":{"start":{"line":257,"column":4},"end":{"line":257,"column":26}},"70":{"start":{"line":260,"column":2},"end":{"line":263,"column":22}},"71":{"start":{"line":265,"column":2},"end":{"line":273,"column":3}},"72":{"start":{"line":266,"column":4},"end":{"line":266,"column":66}},"73":{"start":{"line":268,"column":4},"end":{"line":272,"column":26}},"74":{"start":{"line":270,"column":28},"end":{"line":270,"column":43}},"75":{"start":{"line":271,"column":25},"end":{"line":271,"column":35}},"76":{"start":{"line":275,"column":2},"end":{"line":277,"column":9}},"77":{"start":{"line":279,"column":2},"end":{"line":279,"column":14}},"78":{"start":{"line":290,"column":45},"end":{"line":290,"column":59}},"79":{"start":{"line":291,"column":20},"end":{"line":291,"column":60}},"80":{"start":{"line":291,"column":42},"end":{"line":291,"column":59}},"81":{"start":{"line":293,"column":17},"end":{"line":293,"column":53}},"82":{"start":{"line":296,"column":2},"end":{"line":296,"column":38}},"83":{"start":{"line":297,"column":2},"end":{"line":299,"column":5}},"84":{"start":{"line":298,"column":4},"end":{"line":298,"column":58}},"85":{"start":{"line":302,"column":2},"end":{"line":302,"column":44}},"86":{"start":{"line":305,"column":2},"end":{"line":307,"column":23}},"87":{"start":{"line":306,"column":24},"end":{"line":306,"column":50}},"88":{"start":{"line":308,"column":2},"end":{"line":308,"column":76}},"89":{"start":{"line":308,"column":51},"end":{"line":308,"column":56}},"90":{"start":{"line":311,"column":2},"end":{"line":315,"column":5}},"91":{"start":{"line":312,"column":4},"end":{"line":314,"column":25}},"92":{"start":{"line":313,"column":19},"end":{"line":313,"column":44}},"93":{"start":{"line":318,"column":2},"end":{"line":318,"column":33}},"94":{"start":{"line":319,"column":2},"end":{"line":327,"column":3}},"95":{"start":{"line":320,"column":4},"end":{"line":320,"column":61}},"96":{"start":{"line":322,"column":4},"end":{"line":322,"column":72}},"97":{"start":{"line":323,"column":4},"end":{"line":326,"column":22}},"98":{"start":{"line":324,"column":26},"end":{"line":324,"column":41}},"99":{"start":{"line":325,"column":23},"end":{"line":325,"column":33}},"100":{"start":{"line":329,"column":2},"end":{"line":329,"column":18}},"101":{"start":{"line":342,"column":17},"end":{"line":342,"column":44}},"102":{"start":{"line":343,"column":21},"end":{"line":343,"column":39}},"103":{"start":{"line":345,"column":25},"end":{"line":345,"column":51}},"104":{"start":{"line":347,"column":2},"end":{"line":417,"column":3}},"105":{"start":{"line":348,"column":4},"end":{"line":348,"column":61}},"106":{"start":{"line":351,"column":22},"end":{"line":363,"column":5}},"107":{"start":{"line":353,"column":29},"end":{"line":356,"column":14}},"108":{"start":{"line":354,"column":10},"end":{"line":354,"column":41}},"109":{"start":{"line":355,"column":10},"end":{"line":355,"column":21}},"110":{"start":{"line":357,"column":8},"end":{"line":361,"column":10}},"111":{"start":{"line":366,"column":4},"end":{"line":366,"column":29}},"112":{"start":{"line":369,"column":4},"end":{"line":369,"column":57}},"113":{"start":{"line":370,"column":4},"end":{"line":381,"column":7}},"114":{"start":{"line":371,"column":6},"end":{"line":380,"column":7}},"115":{"start":{"line":372,"column":30},"end":{"line":374,"column":9}},"116":{"start":{"line":373,"column":10},"end":{"line":373,"column":48}},"117":{"start":{"line":375,"column":8},"end":{"line":379,"column":10}},"118":{"start":{"line":384,"column":4},"end":{"line":384,"column":37}},"119":{"start":{"line":385,"column":4},"end":{"line":395,"column":5}},"120":{"start":{"line":386,"column":6},"end":{"line":386,"column":60}},"121":{"start":{"line":388,"column":6},"end":{"line":390,"column":8}},"122":{"start":{"line":391,"column":29},"end":{"line":393,"column":36}},"123":{"start":{"line":392,"column":28},"end":{"line":392,"column":43}},"124":{"start":{"line":393,"column":25},"end":{"line":393,"column":35}},"125":{"start":{"line":394,"column":6},"end":{"line":394,"column":65}},"126":{"start":{"line":396,"column":9},"end":{"line":417,"column":3}},"127":{"start":{"line":397,"column":23},"end":{"line":397,"column":68}},"128":{"start":{"line":398,"column":4},"end":{"line":403,"column":5}},"129":{"start":{"line":399,"column":6},"end":{"line":399,"column":47}},"130":{"start":{"line":400,"column":6},"end":{"line":400,"column":57}},"131":{"start":{"line":402,"column":6},"end":{"line":402,"column":30}},"132":{"start":{"line":404,"column":9},"end":{"line":417,"column":3}},"133":{"start":{"line":405,"column":27},"end":{"line":405,"column":76}},"134":{"start":{"line":406,"column":4},"end":{"line":411,"column":5}},"135":{"start":{"line":407,"column":6},"end":{"line":407,"column":51}},"136":{"start":{"line":408,"column":6},"end":{"line":408,"column":61}},"137":{"start":{"line":410,"column":6},"end":{"line":410,"column":34}},"138":{"start":{"line":413,"column":4},"end":{"line":415,"column":6}},"139":{"start":{"line":416,"column":4},"end":{"line":416,"column":28}},"140":{"start":{"line":424,"column":2},"end":{"line":424,"column":72}},"141":{"start":{"line":425,"column":2},"end":{"line":427,"column":4}},"142":{"start":{"line":428,"column":2},"end":{"line":428,"column":28}},"143":{"start":{"line":429,"column":2},"end":{"line":431,"column":4}},"144":{"start":{"line":432,"column":2},"end":{"line":434,"column":4}},"145":{"start":{"line":443,"column":18},"end":{"line":446,"column":3}},"146":{"start":{"line":447,"column":20},"end":{"line":447,"column":22}},"147":{"start":{"line":449,"column":10},"end":{"line":449,"column":11}},"148":{"start":{"line":450,"column":2},"end":{"line":469,"column":3}},"149":{"start":{"line":451,"column":4},"end":{"line":468,"column":5}},"150":{"start":{"line":452,"column":6},"end":{"line":457,"column":7}},"151":{"start":{"line":453,"column":8},"end":{"line":453,"column":51}},"152":{"start":{"line":454,"column":8},"end":{"line":454,"column":15}},"153":{"start":{"line":456,"column":8},"end":{"line":456,"column":12}},"154":{"start":{"line":458,"column":11},"end":{"line":468,"column":5}},"155":{"start":{"line":459,"column":6},"end":{"line":464,"column":7}},"156":{"start":{"line":460,"column":8},"end":{"line":460,"column":41}},"157":{"start":{"line":461,"column":8},"end":{"line":461,"column":15}},"158":{"start":{"line":463,"column":8},"end":{"line":463,"column":12}},"159":{"start":{"line":466,"column":6},"end":{"line":466,"column":44}},"160":{"start":{"line":467,"column":6},"end":{"line":467,"column":10}},"161":{"start":{"line":471,"column":2},"end":{"line":471,"column":32}},"162":{"start":{"line":478,"column":33},"end":{"line":478,"column":65}},"163":{"start":{"line":480,"column":2},"end":{"line":486,"column":3}},"164":{"start":{"line":481,"column":4},"end":{"line":481,"column":17}},"165":{"start":{"line":482,"column":4},"end":{"line":482,"column":20}},"166":{"start":{"line":483,"column":9},"end":{"line":486,"column":3}},"167":{"start":{"line":484,"column":4},"end":{"line":484,"column":76}},"168":{"start":{"line":485,"column":4},"end":{"line":485,"column":20}},"169":{"start":{"line":488,"column":18},"end":{"line":488,"column":62}},"170":{"start":{"line":488,"column":43},"end":{"line":488,"column":61}},"171":{"start":{"line":489,"column":2},"end":{"line":492,"column":3}},"172":{"start":{"line":490,"column":4},"end":{"line":490,"column":79}},"173":{"start":{"line":491,"column":4},"end":{"line":491,"column":20}},"174":{"start":{"line":494,"column":2},"end":{"line":494,"column":35}},"175":{"start":{"line":505,"column":20},"end":{"line":505,"column":34}},"176":{"start":{"line":506,"column":25},"end":{"line":506,"column":51}},"177":{"start":{"line":509,"column":2},"end":{"line":523,"column":3}},"178":{"start":{"line":510,"column":4},"end":{"line":518,"column":5}},"179":{"start":{"line":511,"column":6},"end":{"line":511,"column":80}},"180":{"start":{"line":513,"column":21},"end":{"line":513,"column":95}},"181":{"start":{"line":514,"column":21},"end":{"line":516,"column":55}},"182":{"start":{"line":517,"column":6},"end":{"line":517,"column":47}},"183":{"start":{"line":520,"column":4},"end":{"line":522,"column":5}},"184":{"start":{"line":521,"column":6},"end":{"line":521,"column":66}},"185":{"start":{"line":525,"column":2},"end":{"line":525,"column":24}}},"fnMap":{"0":{"name":"parsePropertiesFile","decl":{"start":{"line":14,"column":9},"end":{"line":14,"column":28}},"loc":{"start":{"line":14,"column":39},"end":{"line":57,"column":1}},"line":14},"1":{"name":"flattenObject","decl":{"start":{"line":66,"column":9},"end":{"line":66,"column":22}},"loc":{"start":{"line":66,"column":54},"end":{"line":77,"column":1}},"line":66},"2":{"name":"parseYamlFile","decl":{"start":{"line":85,"column":9},"end":{"line":85,"column":22}},"loc":{"start":{"line":85,"column":33},"end":{"line":97,"column":1}},"line":85},"3":{"name":"parseFile","decl":{"start":{"line":106,"column":9},"end":{"line":106,"column":18}},"loc":{"start":{"line":106,"column":29},"end":{"line":122,"column":1}},"line":106},"4":{"name":"compareFileData","decl":{"start":{"line":138,"column":9},"end":{"line":138,"column":24}},"loc":{"start":{"line":138,"column":36},"end":{"line":159,"column":1}},"line":138},"5":{"name":"(anonymous_5)","decl":{"start":{"line":143,"column":48},"end":{"line":143,"column":49}},"loc":{"start":{"line":143,"column":57},"end":{"line":143,"column":73}},"line":143},"6":{"name":"(anonymous_6)","decl":{"start":{"line":148,"column":18},"end":{"line":148,"column":19}},"loc":{"start":{"line":148,"column":27},"end":{"line":154,"column":3}},"line":148},"7":{"name":"(anonymous_7)","decl":{"start":{"line":150,"column":6},"end":{"line":150,"column":7}},"loc":{"start":{"line":150,"column":15},"end":{"line":150,"column":56}},"line":150},"8":{"name":"(anonymous_8)","decl":{"start":{"line":152,"column":33},"end":{"line":152,"column":34}},"loc":{"start":{"line":152,"column":44},"end":{"line":152,"column":63}},"line":152},"9":{"name":"(anonymous_9)","decl":{"start":{"line":157,"column":47},"end":{"line":157,"column":48}},"loc":{"start":{"line":157,"column":54},"end":{"line":157,"column":64}},"line":157},"10":{"name":"checkIfAllValuesMatch","decl":{"start":{"line":167,"column":9},"end":{"line":167,"column":30}},"loc":{"start":{"line":167,"column":42},"end":{"line":170,"column":1}},"line":167},"11":{"name":"getMismatchFields","decl":{"start":{"line":178,"column":9},"end":{"line":178,"column":26}},"loc":{"start":{"line":178,"column":38},"end":{"line":183,"column":1}},"line":178},"12":{"name":"(anonymous_12)","decl":{"start":{"line":181,"column":12},"end":{"line":181,"column":13}},"loc":{"start":{"line":181,"column":24},"end":{"line":181,"column":39}},"line":181},"13":{"name":"(anonymous_13)","decl":{"start":{"line":182,"column":9},"end":{"line":182,"column":10}},"loc":{"start":{"line":182,"column":21},"end":{"line":182,"column":31}},"line":182},"14":{"name":"generateHtmlReport","decl":{"start":{"line":192,"column":9},"end":{"line":192,"column":27}},"loc":{"start":{"line":192,"column":55},"end":{"line":280,"column":1}},"line":192},"15":{"name":"(anonymous_15)","decl":{"start":{"line":194,"column":34},"end":{"line":194,"column":35}},"loc":{"start":{"line":194,"column":42},"end":{"line":194,"column":59}},"line":194},"16":{"name":"(anonymous_16)","decl":{"start":{"line":228,"column":8},"end":{"line":228,"column":9}},"loc":{"start":{"line":228,"column":23},"end":{"line":228,"column":76}},"line":228},"17":{"name":"(anonymous_17)","decl":{"start":{"line":240,"column":11},"end":{"line":240,"column":12}},"loc":{"start":{"line":240,"column":26},"end":{"line":240,"column":61}},"line":240},"18":{"name":"(anonymous_18)","decl":{"start":{"line":245,"column":26},"end":{"line":245,"column":27}},"loc":{"start":{"line":245,"column":56},"end":{"line":258,"column":3}},"line":245},"19":{"name":"(anonymous_19)","decl":{"start":{"line":251,"column":19},"end":{"line":251,"column":20}},"loc":{"start":{"line":251,"column":35},"end":{"line":255,"column":5}},"line":251},"20":{"name":"(anonymous_20)","decl":{"start":{"line":270,"column":16},"end":{"line":270,"column":17}},"loc":{"start":{"line":270,"column":28},"end":{"line":270,"column":43}},"line":270},"21":{"name":"(anonymous_21)","decl":{"start":{"line":271,"column":13},"end":{"line":271,"column":14}},"loc":{"start":{"line":271,"column":25},"end":{"line":271,"column":35}},"line":271},"22":{"name":"generateMarkdownReport","decl":{"start":{"line":289,"column":9},"end":{"line":289,"column":31}},"loc":{"start":{"line":289,"column":59},"end":{"line":330,"column":1}},"line":289},"23":{"name":"(anonymous_23)","decl":{"start":{"line":291,"column":34},"end":{"line":291,"column":35}},"loc":{"start":{"line":291,"column":42},"end":{"line":291,"column":59}},"line":291},"24":{"name":"(anonymous_24)","decl":{"start":{"line":297,"column":20},"end":{"line":297,"column":21}},"loc":{"start":{"line":297,"column":33},"end":{"line":299,"column":3}},"line":297},"25":{"name":"(anonymous_25)","decl":{"start":{"line":306,"column":9},"end":{"line":306,"column":10}},"loc":{"start":{"line":306,"column":24},"end":{"line":306,"column":50}},"line":306},"26":{"name":"(anonymous_26)","decl":{"start":{"line":308,"column":45},"end":{"line":308,"column":46}},"loc":{"start":{"line":308,"column":51},"end":{"line":308,"column":56}},"line":308},"27":{"name":"(anonymous_27)","decl":{"start":{"line":311,"column":26},"end":{"line":311,"column":27}},"loc":{"start":{"line":311,"column":56},"end":{"line":315,"column":3}},"line":311},"28":{"name":"(anonymous_28)","decl":{"start":{"line":313,"column":11},"end":{"line":313,"column":12}},"loc":{"start":{"line":313,"column":19},"end":{"line":313,"column":44}},"line":313},"29":{"name":"(anonymous_29)","decl":{"start":{"line":324,"column":14},"end":{"line":324,"column":15}},"loc":{"start":{"line":324,"column":26},"end":{"line":324,"column":41}},"line":324},"30":{"name":"(anonymous_30)","decl":{"start":{"line":325,"column":11},"end":{"line":325,"column":12}},"loc":{"start":{"line":325,"column":23},"end":{"line":325,"column":33}},"line":325},"31":{"name":"compareFiles","decl":{"start":{"line":341,"column":9},"end":{"line":341,"column":21}},"loc":{"start":{"line":341,"column":47},"end":{"line":418,"column":1}},"line":341},"32":{"name":"(anonymous_32)","decl":{"start":{"line":352,"column":6},"end":{"line":352,"column":7}},"loc":{"start":{"line":352,"column":36},"end":{"line":362,"column":7}},"line":352},"33":{"name":"(anonymous_33)","decl":{"start":{"line":353,"column":43},"end":{"line":353,"column":44}},"loc":{"start":{"line":353,"column":64},"end":{"line":356,"column":9}},"line":353},"34":{"name":"(anonymous_34)","decl":{"start":{"line":370,"column":43},"end":{"line":370,"column":44}},"loc":{"start":{"line":370,"column":73},"end":{"line":381,"column":5}},"line":370},"35":{"name":"(anonymous_35)","decl":{"start":{"line":372,"column":41},"end":{"line":372,"column":42}},"loc":{"start":{"line":373,"column":10},"end":{"line":373,"column":48}},"line":373},"36":{"name":"(anonymous_36)","decl":{"start":{"line":392,"column":16},"end":{"line":392,"column":17}},"loc":{"start":{"line":392,"column":28},"end":{"line":392,"column":43}},"line":392},"37":{"name":"(anonymous_37)","decl":{"start":{"line":393,"column":13},"end":{"line":393,"column":14}},"loc":{"start":{"line":393,"column":25},"end":{"line":393,"column":35}},"line":393},"38":{"name":"printUsage","decl":{"start":{"line":423,"column":9},"end":{"line":423,"column":19}},"loc":{"start":{"line":423,"column":22},"end":{"line":435,"column":1}},"line":423},"39":{"name":"parseArgs","decl":{"start":{"line":442,"column":9},"end":{"line":442,"column":18}},"loc":{"start":{"line":442,"column":25},"end":{"line":472,"column":1}},"line":442},"40":{"name":"run","decl":{"start":{"line":477,"column":9},"end":{"line":477,"column":12}},"loc":{"start":{"line":477,"column":15},"end":{"line":495,"column":1}},"line":477},"41":{"name":"(anonymous_41)","decl":{"start":{"line":488,"column":35},"end":{"line":488,"column":36}},"loc":{"start":{"line":488,"column":43},"end":{"line":488,"column":61}},"line":488},"42":{"name":"compareProperties","decl":{"start":{"line":504,"column":9},"end":{"line":504,"column":26}},"loc":{"start":{"line":504,"column":55},"end":{"line":526,"column":1}},"line":504}},"branchMap":{"0":{"loc":{"start":{"line":24,"column":6},"end":{"line":26,"column":7}},"type":"if","locations":[{"start":{"line":24,"column":6},"end":{"line":26,"column":7}},{"start":{},"end":{}}],"line":24},"1":{"loc":{"start":{"line":24,"column":10},"end":{"line":24,"column":53}},"type":"binary-expr","locations":[{"start":{"line":24,"column":10},"end":{"line":24,"column":22}},{"start":{"line":24,"column":26},"end":{"line":24,"column":53}}],"line":24},"2":{"loc":{"start":{"line":30,"column":6},"end":{"line":32,"column":7}},"type":"if","locations":[{"start":{"line":30,"column":6},"end":{"line":32,"column":7}},{"start":{},"end":{}}],"line":30},"3":{"loc":{"start":{"line":36,"column":6},"end":{"line":39,"column":7}},"type":"if","locations":[{"start":{"line":36,"column":6},"end":{"line":39,"column":7}},{"start":{},"end":{}}],"line":36},"4":{"loc":{"start":{"line":44,"column":6},"end":{"line":46,"column":7}},"type":"if","locations":[{"start":{"line":44,"column":6},"end":{"line":46,"column":7}},{"start":{},"end":{}}],"line":44},"5":{"loc":{"start":{"line":66,"column":28},"end":{"line":66,"column":42}},"type":"default-arg","locations":[{"start":{"line":66,"column":40},"end":{"line":66,"column":42}}],"line":66},"6":{"loc":{"start":{"line":66,"column":44},"end":{"line":66,"column":52}},"type":"default-arg","locations":[{"start":{"line":66,"column":50},"end":{"line":66,"column":52}}],"line":66},"7":{"loc":{"start":{"line":67,"column":44},"end":{"line":67,"column":53}},"type":"binary-expr","locations":[{"start":{"line":67,"column":44},"end":{"line":67,"column":47}},{"start":{"line":67,"column":51},"end":{"line":67,"column":53}}],"line":67},"8":{"loc":{"start":{"line":68,"column":19},"end":{"line":68,"column":58}},"type":"cond-expr","locations":[{"start":{"line":68,"column":31},"end":{"line":68,"column":52}},{"start":{"line":68,"column":55},"end":{"line":68,"column":58}}],"line":68},"9":{"loc":{"start":{"line":69,"column":4},"end":{"line":74,"column":5}},"type":"if","locations":[{"start":{"line":69,"column":4},"end":{"line":74,"column":5}},{"start":{"line":71,"column":11},"end":{"line":74,"column":5}}],"line":69},"10":{"loc":{"start":{"line":69,"column":8},"end":{"line":69,"column":76}},"type":"binary-expr","locations":[{"start":{"line":69,"column":8},"end":{"line":69,"column":33}},{"start":{"line":69,"column":37},"end":{"line":69,"column":51}},{"start":{"line":69,"column":55},"end":{"line":69,"column":76}}],"line":69},"11":{"loc":{"start":{"line":109,"column":2},"end":{"line":121,"column":3}},"type":"switch","locations":[{"start":{"line":110,"column":4},"end":{"line":111,"column":43}},{"start":{"line":112,"column":4},"end":{"line":112,"column":16}},{"start":{"line":113,"column":4},"end":{"line":114,"column":37}},{"start":{"line":115,"column":4},"end":{"line":120,"column":16}}],"line":109},"12":{"loc":{"start":{"line":150,"column":15},"end":{"line":150,"column":56}},"type":"binary-expr","locations":[{"start":{"line":150,"column":15},"end":{"line":150,"column":47}},{"start":{"line":150,"column":51},"end":{"line":150,"column":56}}],"line":150},"13":{"loc":{"start":{"line":246,"column":32},"end":{"line":246,"column":64}},"type":"cond-expr","locations":[{"start":{"line":246,"column":42},"end":{"line":246,"column":51}},{"start":{"line":246,"column":54},"end":{"line":246,"column":64}}],"line":246},"14":{"loc":{"start":{"line":248,"column":12},"end":{"line":248,"column":34}},"type":"cond-expr","locations":[{"start":{"line":248,"column":22},"end":{"line":248,"column":27}},{"start":{"line":248,"column":30},"end":{"line":248,"column":34}}],"line":248},"15":{"loc":{"start":{"line":252,"column":24},"end":{"line":252,"column":55}},"type":"cond-expr","locations":[{"start":{"line":252,"column":34},"end":{"line":252,"column":36}},{"start":{"line":252,"column":39},"end":{"line":252,"column":55}}],"line":252},"16":{"loc":{"start":{"line":253,"column":50},"end":{"line":253,"column":90}},"type":"cond-expr","locations":[{"start":{"line":253,"column":68},"end":{"line":253,"column":82}},{"start":{"line":253,"column":85},"end":{"line":253,"column":90}}],"line":253},"17":{"loc":{"start":{"line":262,"column":24},"end":{"line":262,"column":65}},"type":"cond-expr","locations":[{"start":{"line":262,"column":46},"end":{"line":262,"column":55}},{"start":{"line":262,"column":58},"end":{"line":262,"column":65}}],"line":262},"18":{"loc":{"start":{"line":265,"column":2},"end":{"line":273,"column":3}},"type":"if","locations":[{"start":{"line":265,"column":2},"end":{"line":273,"column":3}},{"start":{"line":267,"column":9},"end":{"line":273,"column":3}}],"line":265},"19":{"loc":{"start":{"line":312,"column":30},"end":{"line":312,"column":52}},"type":"cond-expr","locations":[{"start":{"line":312,"column":40},"end":{"line":312,"column":45}},{"start":{"line":312,"column":48},"end":{"line":312,"column":52}}],"line":312},"20":{"loc":{"start":{"line":313,"column":19},"end":{"line":313,"column":44}},"type":"cond-expr","locations":[{"start":{"line":313,"column":33},"end":{"line":313,"column":40}},{"start":{"line":313,"column":43},"end":{"line":313,"column":44}}],"line":313},"21":{"loc":{"start":{"line":319,"column":2},"end":{"line":327,"column":3}},"type":"if","locations":[{"start":{"line":319,"column":2},"end":{"line":327,"column":3}},{"start":{"line":321,"column":9},"end":{"line":327,"column":3}}],"line":319},"22":{"loc":{"start":{"line":341,"column":33},"end":{"line":341,"column":45}},"type":"default-arg","locations":[{"start":{"line":341,"column":43},"end":{"line":341,"column":45}}],"line":341},"23":{"loc":{"start":{"line":342,"column":17},"end":{"line":342,"column":44}},"type":"binary-expr","locations":[{"start":{"line":342,"column":17},"end":{"line":342,"column":31}},{"start":{"line":342,"column":35},"end":{"line":342,"column":44}}],"line":342},"24":{"loc":{"start":{"line":347,"column":2},"end":{"line":417,"column":3}},"type":"if","locations":[{"start":{"line":347,"column":2},"end":{"line":417,"column":3}},{"start":{"line":396,"column":9},"end":{"line":417,"column":3}}],"line":347},"25":{"loc":{"start":{"line":359,"column":19},"end":{"line":359,"column":41}},"type":"cond-expr","locations":[{"start":{"line":359,"column":29},"end":{"line":359,"column":34}},{"start":{"line":359,"column":37},"end":{"line":359,"column":41}}],"line":359},"26":{"loc":{"start":{"line":371,"column":6},"end":{"line":380,"column":7}},"type":"if","locations":[{"start":{"line":371,"column":6},"end":{"line":380,"column":7}},{"start":{},"end":{}}],"line":371},"27":{"loc":{"start":{"line":385,"column":4},"end":{"line":395,"column":5}},"type":"if","locations":[{"start":{"line":385,"column":4},"end":{"line":395,"column":5}},{"start":{"line":387,"column":11},"end":{"line":395,"column":5}}],"line":385},"28":{"loc":{"start":{"line":396,"column":9},"end":{"line":417,"column":3}},"type":"if","locations":[{"start":{"line":396,"column":9},"end":{"line":417,"column":3}},{"start":{"line":404,"column":9},"end":{"line":417,"column":3}}],"line":396},"29":{"loc":{"start":{"line":398,"column":4},"end":{"line":403,"column":5}},"type":"if","locations":[{"start":{"line":398,"column":4},"end":{"line":403,"column":5}},{"start":{"line":401,"column":11},"end":{"line":403,"column":5}}],"line":398},"30":{"loc":{"start":{"line":404,"column":9},"end":{"line":417,"column":3}},"type":"if","locations":[{"start":{"line":404,"column":9},"end":{"line":417,"column":3}},{"start":{"line":412,"column":9},"end":{"line":417,"column":3}}],"line":404},"31":{"loc":{"start":{"line":406,"column":4},"end":{"line":411,"column":5}},"type":"if","locations":[{"start":{"line":406,"column":4},"end":{"line":411,"column":5}},{"start":{"line":409,"column":11},"end":{"line":411,"column":5}}],"line":406},"32":{"loc":{"start":{"line":451,"column":4},"end":{"line":468,"column":5}},"type":"if","locations":[{"start":{"line":451,"column":4},"end":{"line":468,"column":5}},{"start":{"line":458,"column":11},"end":{"line":468,"column":5}}],"line":451},"33":{"loc":{"start":{"line":451,"column":8},"end":{"line":451,"column":50}},"type":"binary-expr","locations":[{"start":{"line":451,"column":8},"end":{"line":451,"column":30}},{"start":{"line":451,"column":34},"end":{"line":451,"column":50}}],"line":451},"34":{"loc":{"start":{"line":452,"column":6},"end":{"line":457,"column":7}},"type":"if","locations":[{"start":{"line":452,"column":6},"end":{"line":457,"column":7}},{"start":{"line":455,"column":13},"end":{"line":457,"column":7}}],"line":452},"35":{"loc":{"start":{"line":458,"column":11},"end":{"line":468,"column":5}},"type":"if","locations":[{"start":{"line":458,"column":11},"end":{"line":468,"column":5}},{"start":{"line":465,"column":11},"end":{"line":468,"column":5}}],"line":458},"36":{"loc":{"start":{"line":458,"column":15},"end":{"line":458,"column":57}},"type":"binary-expr","locations":[{"start":{"line":458,"column":15},"end":{"line":458,"column":37}},{"start":{"line":458,"column":41},"end":{"line":458,"column":57}}],"line":458},"37":{"loc":{"start":{"line":459,"column":6},"end":{"line":464,"column":7}},"type":"if","locations":[{"start":{"line":459,"column":6},"end":{"line":464,"column":7}},{"start":{"line":462,"column":13},"end":{"line":464,"column":7}}],"line":459},"38":{"loc":{"start":{"line":480,"column":2},"end":{"line":486,"column":3}},"type":"if","locations":[{"start":{"line":480,"column":2},"end":{"line":486,"column":3}},{"start":{"line":483,"column":9},"end":{"line":486,"column":3}}],"line":480},"39":{"loc":{"start":{"line":483,"column":9},"end":{"line":486,"column":3}},"type":"if","locations":[{"start":{"line":483,"column":9},"end":{"line":486,"column":3}},{"start":{},"end":{}}],"line":483},"40":{"loc":{"start":{"line":489,"column":2},"end":{"line":492,"column":3}},"type":"if","locations":[{"start":{"line":489,"column":2},"end":{"line":492,"column":3}},{"start":{},"end":{}}],"line":489},"41":{"loc":{"start":{"line":504,"column":41},"end":{"line":504,"column":53}},"type":"default-arg","locations":[{"start":{"line":504,"column":51},"end":{"line":504,"column":53}}],"line":504},"42":{"loc":{"start":{"line":509,"column":2},"end":{"line":523,"column":3}},"type":"if","locations":[{"start":{"line":509,"column":2},"end":{"line":523,"column":3}},{"start":{},"end":{}}],"line":509},"43":{"loc":{"start":{"line":510,"column":4},"end":{"line":518,"column":5}},"type":"if","locations":[{"start":{"line":510,"column":4},"end":{"line":518,"column":5}},{"start":{"line":512,"column":11},"end":{"line":518,"column":5}}],"line":510},"44":{"loc":{"start":{"line":513,"column":21},"end":{"line":513,"column":95}},"type":"cond-expr","locations":[{"start":{"line":513,"column":76},"end":{"line":513,"column":86}},{"start":{"line":513,"column":89},"end":{"line":513,"column":95}}],"line":513},"45":{"loc":{"start":{"line":514,"column":21},"end":{"line":516,"column":55}},"type":"cond-expr","locations":[{"start":{"line":515,"column":10},"end":{"line":515,"column":59}},{"start":{"line":516,"column":10},"end":{"line":516,"column":55}}],"line":514},"46":{"loc":{"start":{"line":520,"column":4},"end":{"line":522,"column":5}},"type":"if","locations":[{"start":{"line":520,"column":4},"end":{"line":522,"column":5}},{"start":{},"end":{}}],"line":520}},"s":{"0":48,"1":48,"2":47,"3":47,"4":47,"5":92,"6":92,"7":2,"8":90,"9":90,"10":1,"11":90,"12":90,"13":0,"14":90,"15":90,"16":90,"17":90,"18":47,"19":1,"20":1,"21":2,"22":3,"23":3,"24":1,"25":2,"26":2,"27":3,"28":3,"29":2,"30":1,"31":2,"32":2,"33":48,"34":48,"35":46,"36":1,"37":1,"38":1,"39":25,"40":25,"41":47,"42":25,"43":25,"44":44,"45":86,"46":44,"47":86,"48":44,"49":25,"50":44,"51":25,"52":2,"53":2,"54":1,"55":1,"56":2,"57":1,"58":6,"59":6,"60":12,"61":6,"62":12,"63":12,"64":6,"65":11,"66":11,"67":22,"68":22,"69":11,"70":6,"71":6,"72":1,"73":5,"74":10,"75":5,"76":6,"77":6,"78":5,"79":5,"80":10,"81":5,"82":5,"83":5,"84":10,"85":5,"86":5,"87":10,"88":5,"89":10,"90":5,"91":10,"92":20,"93":5,"94":5,"95":0,"96":5,"97":5,"98":10,"99":5,"100":5,"101":13,"102":13,"103":13,"104":13,"105":6,"106":6,"107":8,"108":14,"109":14,"110":8,"111":6,"112":6,"113":6,"114":8,"115":3,"116":6,"117":3,"118":6,"119":6,"120":3,"121":3,"122":3,"123":6,"124":3,"125":3,"126":7,"127":3,"128":3,"129":2,"130":2,"131":1,"132":4,"133":3,"134":3,"135":2,"136":2,"137":1,"138":1,"139":1,"140":1,"141":1,"142":1,"143":1,"144":1,"145":6,"146":6,"147":6,"148":6,"149":13,"150":2,"151":2,"152":2,"153":0,"154":11,"155":2,"156":2,"157":2,"158":0,"159":9,"160":9,"161":6,"162":6,"163":6,"164":1,"165":1,"166":5,"167":1,"168":1,"169":6,"170":9,"171":6,"172":1,"173":1,"174":6,"175":5,"176":5,"177":5,"178":4,"179":1,"180":3,"181":3,"182":3,"183":4,"184":1,"185":5},"f":{"0":48,"1":2,"2":3,"3":48,"4":25,"5":47,"6":44,"7":86,"8":86,"9":44,"10":2,"11":1,"12":2,"13":1,"14":6,"15":12,"16":12,"17":12,"18":11,"19":22,"20":10,"21":5,"22":5,"23":10,"24":10,"25":10,"26":10,"27":10,"28":20,"29":10,"30":5,"31":13,"32":8,"33":14,"34":8,"35":6,"36":6,"37":3,"38":1,"39":6,"40":6,"41":9,"42":5},"b":{"0":[2,90],"1":[92,91],"2":[1,89],"3":[0,90],"4":[90,0],"5":[1],"6":[1],"7":[2,0],"8":[1,2],"9":[1,2],"10":[3,1,1],"11":[46,0,1,1],"12":[86,0],"13":[6,5],"14":[6,5],"15":[12,10],"16":[0,22],"17":[1,5],"18":[1,5],"19":[5,5],"20":[0,20],"21":[0,5],"22":[2],"23":[13,2],"24":[6,7],"25":[5,3],"26":[3,5],"27":[3,3],"28":[3,4],"29":[2,1],"30":[3,1],"31":[2,1],"32":[2,11],"33":[13,12],"34":[2,0],"35":[2,9],"36":[11,10],"37":[2,0],"38":[1,5],"39":[1,4],"40":[1,5],"41":[1],"42":[4,1],"43":[1,3],"44":[1,2],"45":[1,2],"46":[1,3]},"_coverageSchema":"1a1c01bbd47fc00a2c39e90264f33305004495a9","hash":"552ee97cd65a76a3eb47cd90181c12b4d0fc6a79"}
}
