TN:
SF:src/compareUtility.js
FN:14,parsePropertiesFile
FN:66,flattenObject
FN:85,parseYamlFile
FN:106,parseFile
FN:138,compareFileData
FN:143,(anonymous_5)
FN:148,(anonymous_6)
FN:150,(anonymous_7)
FN:152,(anonymous_8)
FN:157,(anonymous_9)
FN:167,checkIfAllValuesMatch
FN:178,getMismatchFields
FN:181,(anonymous_12)
FN:182,(anonymous_13)
FN:192,generateHtmlReport
FN:194,(anonymous_15)
FN:228,(anonymous_16)
FN:240,(anonymous_17)
FN:245,(anonymous_18)
FN:251,(anonymous_19)
FN:271,(anonymous_20)
FN:272,(anonymous_21)
FN:290,generateMarkdownReport
FN:292,(anonymous_23)
FN:298,(anonymous_24)
FN:307,(anonymous_25)
FN:309,(anonymous_26)
FN:312,(anonymous_27)
FN:314,(anonymous_28)
FN:325,(anonymous_29)
FN:326,(anonymous_30)
FN:342,compareFiles
FN:353,(anonymous_32)
FN:354,(anonymous_33)
FN:371,(anonymous_34)
FN:373,(anonymous_35)
FN:393,(anonymous_36)
FN:394,(anonymous_37)
FN:424,run
FN:468,(anonymous_39)
FN:484,compareProperties
FNF:41
FNH:41
FNDA:48,parsePropertiesFile
FNDA:2,flattenObject
FNDA:3,parseYamlFile
FNDA:48,parseFile
FNDA:25,compareFileData
FNDA:47,(anonymous_5)
FNDA:44,(anonymous_6)
FNDA:86,(anonymous_7)
FNDA:86,(anonymous_8)
FNDA:44,(anonymous_9)
FNDA:2,checkIfAllValuesMatch
FNDA:1,getMismatchFields
FNDA:2,(anonymous_12)
FNDA:1,(anonymous_13)
FNDA:6,generateHtmlReport
FNDA:12,(anonymous_15)
FNDA:12,(anonymous_16)
FNDA:12,(anonymous_17)
FNDA:11,(anonymous_18)
FNDA:22,(anonymous_19)
FNDA:10,(anonymous_20)
FNDA:5,(anonymous_21)
FNDA:5,generateMarkdownReport
FNDA:10,(anonymous_23)
FNDA:10,(anonymous_24)
FNDA:10,(anonymous_25)
FNDA:10,(anonymous_26)
FNDA:10,(anonymous_27)
FNDA:20,(anonymous_28)
FNDA:10,(anonymous_29)
FNDA:5,(anonymous_30)
FNDA:13,compareFiles
FNDA:8,(anonymous_32)
FNDA:14,(anonymous_33)
FNDA:8,(anonymous_34)
FNDA:6,(anonymous_35)
FNDA:6,(anonymous_36)
FNDA:3,(anonymous_37)
FNDA:6,run
FNDA:9,(anonymous_39)
FNDA:5,compareProperties
DA:15,48
DA:16,48
DA:17,47
DA:18,47
DA:20,47
DA:21,92
DA:24,92
DA:25,2
DA:29,90
DA:30,90
DA:31,1
DA:35,90
DA:36,90
DA:38,0
DA:41,90
DA:42,90
DA:44,90
DA:45,90
DA:49,47
DA:51,1
DA:55,1
DA:67,2
DA:68,3
DA:69,3
DA:70,1
DA:73,2
DA:76,2
DA:86,3
DA:87,3
DA:88,2
DA:89,1
DA:91,2
DA:95,2
DA:107,48
DA:109,48
DA:111,46
DA:114,1
DA:116,1
DA:120,1
DA:140,25
DA:143,47
DA:145,25
DA:148,25
DA:149,44
DA:150,86
DA:152,86
DA:153,44
DA:157,44
DA:158,25
DA:168,2
DA:169,2
DA:179,1
DA:180,1
DA:181,2
DA:182,1
DA:193,6
DA:194,12
DA:197,6
DA:228,12
DA:240,12
DA:245,6
DA:246,11
DA:251,11
DA:252,22
DA:253,22
DA:258,11
DA:261,6
DA:266,6
DA:267,1
DA:269,5
DA:271,10
DA:272,5
DA:276,6
DA:280,6
DA:291,5
DA:292,10
DA:294,5
DA:297,5
DA:298,5
DA:299,10
DA:303,5
DA:306,5
DA:307,10
DA:309,10
DA:312,5
DA:313,10
DA:314,20
DA:319,5
DA:320,5
DA:321,0
DA:323,5
DA:324,5
DA:325,10
DA:326,5
DA:330,5
DA:343,13
DA:344,13
DA:346,13
DA:348,13
DA:349,6
DA:352,6
DA:354,8
DA:355,14
DA:356,14
DA:358,8
DA:367,6
DA:370,6
DA:371,6
DA:372,8
DA:373,3
DA:374,6
DA:376,3
DA:385,6
DA:386,6
DA:387,3
DA:389,3
DA:392,3
DA:393,6
DA:394,3
DA:395,3
DA:397,7
DA:398,3
DA:399,3
DA:400,2
DA:401,2
DA:403,1
DA:405,4
DA:406,3
DA:407,3
DA:408,2
DA:409,2
DA:411,1
DA:414,1
DA:417,1
DA:425,6
DA:426,6
DA:432,6
DA:433,6
DA:434,13
DA:435,2
DA:436,2
DA:437,2
DA:439,11
DA:440,2
DA:441,2
DA:442,2
DA:446,9
DA:450,6
DA:451,1
DA:452,1
DA:455,1
DA:456,1
DA:459,1
DA:462,1
DA:463,5
DA:464,1
DA:465,1
DA:468,9
DA:469,6
DA:470,1
DA:471,1
DA:474,6
DA:485,5
DA:486,5
DA:489,5
DA:490,4
DA:491,1
DA:493,3
DA:494,3
DA:497,3
DA:500,4
DA:501,1
DA:505,5
LF:173
LH:171
BRDA:24,0,0,2
BRDA:24,0,1,90
BRDA:24,1,0,92
BRDA:24,1,1,91
BRDA:30,2,0,1
BRDA:30,2,1,89
BRDA:36,3,0,0
BRDA:36,3,1,90
BRDA:44,4,0,90
BRDA:44,4,1,0
BRDA:66,5,0,1
BRDA:66,6,0,1
BRDA:67,7,0,2
BRDA:67,7,1,0
BRDA:68,8,0,1
BRDA:68,8,1,2
BRDA:69,9,0,1
BRDA:69,9,1,2
BRDA:69,10,0,3
BRDA:69,10,1,1
BRDA:69,10,2,1
BRDA:109,11,0,46
BRDA:109,11,1,0
BRDA:109,11,2,1
BRDA:109,11,3,1
BRDA:150,12,0,86
BRDA:150,12,1,0
BRDA:246,13,0,6
BRDA:246,13,1,5
BRDA:248,14,0,6
BRDA:248,14,1,5
BRDA:252,15,0,12
BRDA:252,15,1,10
BRDA:254,16,0,0
BRDA:254,16,1,22
BRDA:263,17,0,1
BRDA:263,17,1,5
BRDA:266,18,0,1
BRDA:266,18,1,5
BRDA:313,19,0,5
BRDA:313,19,1,5
BRDA:314,20,0,0
BRDA:314,20,1,20
BRDA:320,21,0,0
BRDA:320,21,1,5
BRDA:342,22,0,2
BRDA:343,23,0,13
BRDA:343,23,1,2
BRDA:348,24,0,6
BRDA:348,24,1,7
BRDA:360,25,0,5
BRDA:360,25,1,3
BRDA:372,26,0,3
BRDA:372,26,1,5
BRDA:386,27,0,3
BRDA:386,27,1,3
BRDA:397,28,0,3
BRDA:397,28,1,4
BRDA:399,29,0,2
BRDA:399,29,1,1
BRDA:405,30,0,3
BRDA:405,30,1,1
BRDA:407,31,0,2
BRDA:407,31,1,1
BRDA:434,32,0,2
BRDA:434,32,1,11
BRDA:434,33,0,13
BRDA:434,33,1,12
BRDA:435,34,0,2
BRDA:435,34,1,0
BRDA:439,35,0,2
BRDA:439,35,1,9
BRDA:439,36,0,11
BRDA:439,36,1,10
BRDA:440,37,0,2
BRDA:440,37,1,0
BRDA:450,38,0,1
BRDA:450,38,1,5
BRDA:463,39,0,1
BRDA:463,39,1,4
BRDA:469,40,0,1
BRDA:469,40,1,5
BRDA:484,41,0,1
BRDA:489,42,0,4
BRDA:489,42,1,1
BRDA:490,43,0,1
BRDA:490,43,1,3
BRDA:493,44,0,1
BRDA:493,44,1,2
BRDA:494,45,0,1
BRDA:494,45,1,2
BRDA:500,46,0,1
BRDA:500,46,1,3
BRF:93
BRH:83
end_of_record
