TN:
SF:src/compareUtility.js
FN:14,parsePropertiesFile
FN:66,flattenObject
FN:85,parseYamlFile
FN:106,parseFile
FN:138,compareFileData
FN:143,(anonymous_5)
FN:148,(anonymous_6)
FN:150,(anonymous_7)
FN:152,(anonymous_8)
FN:157,(anonymous_9)
FN:167,checkIfAllValuesMatch
FN:178,getMismatchFields
FN:181,(anonymous_12)
FN:182,(anonymous_13)
FN:192,generateHtmlReport
FN:194,(anonymous_15)
FN:228,(anonymous_16)
FN:240,(anonymous_17)
FN:245,(anonymous_18)
FN:251,(anonymous_19)
FN:270,(anonymous_20)
FN:271,(anonymous_21)
FN:289,generateMarkdownReport
FN:291,(anonymous_23)
FN:297,(anonymous_24)
FN:306,(anonymous_25)
FN:308,(anonymous_26)
FN:311,(anonymous_27)
FN:313,(anonymous_28)
FN:324,(anonymous_29)
FN:325,(anonymous_30)
FN:341,compareFiles
FN:352,(anonymous_32)
FN:353,(anonymous_33)
FN:370,(anonymous_34)
FN:372,(anonymous_35)
FN:392,(anonymous_36)
FN:393,(anonymous_37)
FN:423,run
FN:473,(anonymous_39)
FN:489,compareProperties
FNF:41
FNH:41
FNDA:48,parsePropertiesFile
FNDA:2,flattenObject
FNDA:3,parseYamlFile
FNDA:48,parseFile
FNDA:25,compareFileData
FNDA:47,(anonymous_5)
FNDA:44,(anonymous_6)
FNDA:86,(anonymous_7)
FNDA:86,(anonymous_8)
FNDA:44,(anonymous_9)
FNDA:2,checkIfAllValuesMatch
FNDA:1,getMismatchFields
FNDA:2,(anonymous_12)
FNDA:1,(anonymous_13)
FNDA:6,generateHtmlReport
FNDA:12,(anonymous_15)
FNDA:12,(anonymous_16)
FNDA:12,(anonymous_17)
FNDA:11,(anonymous_18)
FNDA:22,(anonymous_19)
FNDA:10,(anonymous_20)
FNDA:5,(anonymous_21)
FNDA:5,generateMarkdownReport
FNDA:10,(anonymous_23)
FNDA:10,(anonymous_24)
FNDA:10,(anonymous_25)
FNDA:10,(anonymous_26)
FNDA:10,(anonymous_27)
FNDA:20,(anonymous_28)
FNDA:10,(anonymous_29)
FNDA:5,(anonymous_30)
FNDA:13,compareFiles
FNDA:8,(anonymous_32)
FNDA:14,(anonymous_33)
FNDA:8,(anonymous_34)
FNDA:6,(anonymous_35)
FNDA:6,(anonymous_36)
FNDA:3,(anonymous_37)
FNDA:6,run
FNDA:9,(anonymous_39)
FNDA:5,compareProperties
DA:15,48
DA:16,48
DA:17,47
DA:18,47
DA:20,47
DA:21,92
DA:24,92
DA:25,2
DA:29,90
DA:30,90
DA:31,1
DA:35,90
DA:36,90
DA:38,0
DA:41,90
DA:42,90
DA:44,90
DA:45,90
DA:49,47
DA:51,1
DA:55,1
DA:67,2
DA:68,3
DA:69,3
DA:70,1
DA:73,2
DA:76,2
DA:86,3
DA:87,3
DA:88,2
DA:89,1
DA:91,2
DA:95,2
DA:107,48
DA:109,48
DA:111,46
DA:114,1
DA:116,1
DA:120,1
DA:140,25
DA:143,47
DA:145,25
DA:148,25
DA:149,44
DA:150,86
DA:152,86
DA:153,44
DA:157,44
DA:158,25
DA:168,2
DA:169,2
DA:179,1
DA:180,1
DA:181,2
DA:182,1
DA:193,6
DA:194,12
DA:197,6
DA:228,12
DA:240,12
DA:245,6
DA:246,11
DA:251,11
DA:252,22
DA:253,22
DA:257,11
DA:260,6
DA:265,6
DA:266,1
DA:268,5
DA:270,10
DA:271,5
DA:275,6
DA:279,6
DA:290,5
DA:291,10
DA:293,5
DA:296,5
DA:297,5
DA:298,10
DA:302,5
DA:305,5
DA:306,10
DA:308,10
DA:311,5
DA:312,10
DA:313,20
DA:318,5
DA:319,5
DA:320,0
DA:322,5
DA:323,5
DA:324,10
DA:325,5
DA:329,5
DA:342,13
DA:343,13
DA:345,13
DA:347,13
DA:348,6
DA:351,6
DA:353,8
DA:354,14
DA:355,14
DA:357,8
DA:366,6
DA:369,6
DA:370,6
DA:371,8
DA:372,3
DA:373,6
DA:375,3
DA:384,6
DA:385,6
DA:386,3
DA:388,3
DA:391,3
DA:392,6
DA:393,3
DA:394,3
DA:396,7
DA:397,3
DA:398,3
DA:399,2
DA:400,2
DA:402,1
DA:404,4
DA:405,3
DA:406,3
DA:407,2
DA:408,2
DA:410,1
DA:413,1
DA:416,1
DA:424,6
DA:425,6
DA:431,6
DA:432,6
DA:433,6
DA:434,13
DA:435,2
DA:436,2
DA:437,2
DA:439,0
DA:441,11
DA:442,2
DA:443,2
DA:444,2
DA:446,0
DA:450,9
DA:451,9
DA:455,6
DA:456,1
DA:457,1
DA:460,1
DA:461,1
DA:464,1
DA:467,1
DA:468,5
DA:469,1
DA:470,1
DA:473,9
DA:474,6
DA:475,1
DA:476,1
DA:479,6
DA:490,5
DA:491,5
DA:494,5
DA:495,4
DA:496,1
DA:498,3
DA:499,3
DA:502,3
DA:505,4
DA:506,1
DA:510,5
LF:177
LH:173
BRDA:24,0,0,2
BRDA:24,0,1,90
BRDA:24,1,0,92
BRDA:24,1,1,91
BRDA:30,2,0,1
BRDA:30,2,1,89
BRDA:36,3,0,0
BRDA:36,3,1,90
BRDA:44,4,0,90
BRDA:44,4,1,0
BRDA:66,5,0,1
BRDA:66,6,0,1
BRDA:67,7,0,2
BRDA:67,7,1,0
BRDA:68,8,0,1
BRDA:68,8,1,2
BRDA:69,9,0,1
BRDA:69,9,1,2
BRDA:69,10,0,3
BRDA:69,10,1,1
BRDA:69,10,2,1
BRDA:109,11,0,46
BRDA:109,11,1,0
BRDA:109,11,2,1
BRDA:109,11,3,1
BRDA:150,12,0,86
BRDA:150,12,1,0
BRDA:246,13,0,6
BRDA:246,13,1,5
BRDA:248,14,0,6
BRDA:248,14,1,5
BRDA:252,15,0,12
BRDA:252,15,1,10
BRDA:253,16,0,0
BRDA:253,16,1,22
BRDA:262,17,0,1
BRDA:262,17,1,5
BRDA:265,18,0,1
BRDA:265,18,1,5
BRDA:312,19,0,5
BRDA:312,19,1,5
BRDA:313,20,0,0
BRDA:313,20,1,20
BRDA:319,21,0,0
BRDA:319,21,1,5
BRDA:341,22,0,2
BRDA:342,23,0,13
BRDA:342,23,1,2
BRDA:347,24,0,6
BRDA:347,24,1,7
BRDA:359,25,0,5
BRDA:359,25,1,3
BRDA:371,26,0,3
BRDA:371,26,1,5
BRDA:385,27,0,3
BRDA:385,27,1,3
BRDA:396,28,0,3
BRDA:396,28,1,4
BRDA:398,29,0,2
BRDA:398,29,1,1
BRDA:404,30,0,3
BRDA:404,30,1,1
BRDA:406,31,0,2
BRDA:406,31,1,1
BRDA:434,32,0,2
BRDA:434,32,1,11
BRDA:434,33,0,13
BRDA:434,33,1,12
BRDA:435,34,0,2
BRDA:435,34,1,0
BRDA:441,35,0,2
BRDA:441,35,1,9
BRDA:441,36,0,11
BRDA:441,36,1,10
BRDA:442,37,0,2
BRDA:442,37,1,0
BRDA:455,38,0,1
BRDA:455,38,1,5
BRDA:468,39,0,1
BRDA:468,39,1,4
BRDA:474,40,0,1
BRDA:474,40,1,5
BRDA:489,41,0,1
BRDA:494,42,0,4
BRDA:494,42,1,1
BRDA:495,43,0,1
BRDA:495,43,1,3
BRDA:498,44,0,1
BRDA:498,44,1,2
BRDA:499,45,0,1
BRDA:499,45,1,2
BRDA:505,46,0,1
BRDA:505,46,1,3
BRF:93
BRH:83
end_of_record
